(184680, 157)
(10135, 157)
(184680, 157)
Training until validation scores don't improve for 300 rounds.
[500]	valid_0's binary_logloss: 0.430571
[1000]	valid_0's binary_logloss: 0.42887
[1500]	valid_0's binary_logloss: 0.427932
[2000]	valid_0's binary_logloss: 0.42745
[2500]	valid_0's binary_logloss: 0.427398
[3000]	valid_0's binary_logloss: 0.427186
Early stopping, best iteration is:
[2839]	valid_0's binary_logloss: 0.427094
Dev eval precision 0.39621308463982446
Dev eval recall 0.41688968183107805
Dev eval accuracy 0.778135744646079
Dev eval F1-score 0.40628848301249754
Training until validation scores don't improve for 300 rounds.
[500]	valid_0's binary_logloss: 0.430323
[1000]	valid_0's binary_logloss: 0.428706
[1500]	valid_0's binary_logloss: 0.427944
[2000]	valid_0's binary_logloss: 0.427697
[2500]	valid_0's binary_logloss: 0.427508
Early stopping, best iteration is:
[2235]	valid_0's binary_logloss: 0.427422
Dev eval precision 0.39324072748046224
Dev eval recall 0.40832713754586125
Dev eval accuracy 0.7775611869177016
Dev eval F1-score 0.40064195589993196
Training until validation scores don't improve for 300 rounds.
[500]	valid_0's binary_logloss: 0.430569
[1000]	valid_0's binary_logloss: 0.428534
[1500]	valid_0's binary_logloss: 0.427622
[2000]	valid_0's binary_logloss: 0.427276
[2500]	valid_0's binary_logloss: 0.426903
[3000]	valid_0's binary_logloss: 0.426691
Early stopping, best iteration is:
[3001]	valid_0's binary_logloss: 0.426683
Dev eval precision 0.39577039274867537
Dev eval recall 0.40907063196965193
Dev eval accuracy 0.7786982889319963
Dev eval F1-score 0.4023106121402916
Training until validation scores don't improve for 300 rounds.
[500]	valid_0's binary_logloss: 0.433504
[1000]	valid_0's binary_logloss: 0.431757
[1500]	valid_0's binary_logloss: 0.431051
[2000]	valid_0's binary_logloss: 0.430322
[2500]	valid_0's binary_logloss: 0.430136
[3000]	valid_0's binary_logloss: 0.430039
Early stopping, best iteration is:
[2856]	valid_0's binary_logloss: 0.429908
Dev eval precision 0.38719772403927855
Dev eval recall 0.4047583643116658
Dev eval accuracy 0.7749891704567969
Dev eval F1-score 0.3957833465104253
Training until validation scores don't improve for 300 rounds.
[500]	valid_0's binary_logloss: 0.431269
[1000]	valid_0's binary_logloss: 0.429632
[1500]	valid_0's binary_logloss: 0.428861
[2000]	valid_0's binary_logloss: 0.428596
Early stopping, best iteration is:
[1961]	valid_0's binary_logloss: 0.428555
Dev eval precision 0.39160839160783273
Dev eval recall 0.40802973977634494
Dev eval accuracy 0.776797075944016
Dev eval F1-score 0.3996504465016723
The avg F1_score is 0.4009349688129637
Dev eval precision 0.42736842105083217
Dev eval recall 0.5422008546979583
Dev eval accuracy 0.781253083373674
Dev eval F1-score 0.47798445468643946
