(184680, 118)
(10135, 118)
(184680, 118) (10135, 118)
2018-07-06 10:37:58.879259: I tensorflow/core/platform/cpu_feature_guard.cc:140] Your CPU supports instructions that this TensorFlow binary was not compiled to use: AVX2 FMA
2018-07-06 10:37:59.611619: I tensorflow/stream_executor/cuda/cuda_gpu_executor.cc:898] successful NUMA node read from SysFS had negative value (-1), but there must be at least one NUMA node, so returning NUMA node zero
2018-07-06 10:37:59.611979: I tensorflow/core/common_runtime/gpu/gpu_device.cc:1212] Found device 0 with properties: 
name: GeForce GTX 1070 Ti major: 6 minor: 1 memoryClockRate(GHz): 1.683
pciBusID: 0000:0c:00.0
totalMemory: 7.92GiB freeMemory: 7.81GiB
2018-07-06 10:37:59.611996: I tensorflow/core/common_runtime/gpu/gpu_device.cc:1312] Adding visible gpu devices: 0
2018-07-06 10:37:59.791060: I tensorflow/core/common_runtime/gpu/gpu_device.cc:993] Creating TensorFlow device (/job:localhost/replica:0/task:0/device:GPU:0 with 7542 MB memory) -> physical GPU (device: 0, name: GeForce GTX 1070 Ti, pci bus id: 0000:0c:00.0, compute capability: 6.1)
WARNING:tensorflow:From /home/lawe/anaconda3/lib/python3.5/site-packages/tensorflow/python/util/deprecation.py:497: calling conv1d (from tensorflow.python.ops.nn_ops) with data_format=NHWC is deprecated and will be removed in a future version.
Instructions for updating:
`NHWC` for data_format is deprecated, use `NWC` instead

 cnn_fold0.h5 curr_fold: 0
Train on 161595 samples, validate on 23085 samples
Epoch 1/200
 - 11s - loss: 0.4903 - acc: 0.7922 - val_loss: 0.4275 - val_acc: 0.8231
Epoch 2/200
 - 10s - loss: 0.4296 - acc: 0.8233 - val_loss: 0.4402 - val_acc: 0.8219
Epoch 3/200
 - 10s - loss: 0.4160 - acc: 0.8269 - val_loss: 0.4565 - val_acc: 0.8117
Epoch 4/200
 - 10s - loss: 0.4076 - acc: 0.8297 - val_loss: 0.4038 - val_acc: 0.8299
Epoch 5/200
 - 10s - loss: 0.4012 - acc: 0.8310 - val_loss: 0.4017 - val_acc: 0.8316
Epoch 6/200
 - 10s - loss: 0.3951 - acc: 0.8340 - val_loss: 0.3970 - val_acc: 0.8332
Epoch 7/200
 - 10s - loss: 0.3900 - acc: 0.8355 - val_loss: 0.3974 - val_acc: 0.8321
Epoch 8/200
 - 10s - loss: 0.3847 - acc: 0.8368 - val_loss: 0.3944 - val_acc: 0.8333
Epoch 9/200
 - 10s - loss: 0.3814 - acc: 0.8378 - val_loss: 0.3918 - val_acc: 0.8350
Epoch 10/200
 - 10s - loss: 0.3765 - acc: 0.8400 - val_loss: 0.3932 - val_acc: 0.8347
Epoch 11/200
 - 10s - loss: 0.3738 - acc: 0.8408 - val_loss: 0.3900 - val_acc: 0.8361
Epoch 12/200
 - 10s - loss: 0.3681 - acc: 0.8426 - val_loss: 0.3886 - val_acc: 0.8377
Epoch 13/200
 - 10s - loss: 0.3647 - acc: 0.8443 - val_loss: 0.3913 - val_acc: 0.8356
Epoch 14/200
 - 10s - loss: 0.3609 - acc: 0.8457 - val_loss: 0.3925 - val_acc: 0.8358
Epoch 15/200
 - 10s - loss: 0.3572 - acc: 0.8462 - val_loss: 0.3935 - val_acc: 0.8343
Epoch 16/200
 - 10s - loss: 0.3551 - acc: 0.8475 - val_loss: 0.3884 - val_acc: 0.8361
Epoch 17/200
 - 10s - loss: 0.3512 - acc: 0.8497 - val_loss: 0.3866 - val_acc: 0.8376
Epoch 18/200
 - 10s - loss: 0.3477 - acc: 0.8513 - val_loss: 0.3898 - val_acc: 0.8360
Epoch 19/200
 - 10s - loss: 0.3440 - acc: 0.8522 - val_loss: 0.3897 - val_acc: 0.8356
Epoch 20/200
 - 10s - loss: 0.3413 - acc: 0.8535 - val_loss: 0.3891 - val_acc: 0.8365
Epoch 21/200
 - 10s - loss: 0.3377 - acc: 0.8546 - val_loss: 0.3924 - val_acc: 0.8348
Epoch 22/200
 - 10s - loss: 0.3354 - acc: 0.8558 - val_loss: 0.3850 - val_acc: 0.8379
Epoch 23/200
 - 10s - loss: 0.3311 - acc: 0.8572 - val_loss: 0.3887 - val_acc: 0.8370
Epoch 24/200
 - 10s - loss: 0.3271 - acc: 0.8595 - val_loss: 0.3907 - val_acc: 0.8358
Epoch 25/200
 - 10s - loss: 0.3250 - acc: 0.8596 - val_loss: 0.3953 - val_acc: 0.8351
Epoch 26/200
 - 10s - loss: 0.3228 - acc: 0.8607 - val_loss: 0.3912 - val_acc: 0.8348
Epoch 27/200
 - 10s - loss: 0.3199 - acc: 0.8627 - val_loss: 0.3901 - val_acc: 0.8366
Dev eval precision 0.4807247494198893
Dev eval recall 0.6661324786289202
Dev eval accuracy 0.8054267390223923
Dev eval F1-score 0.558441553569737

 cnn_fold1.h5 curr_fold: 1
Train on 161595 samples, validate on 23085 samples
Epoch 1/200
 - 11s - loss: 0.4909 - acc: 0.7924 - val_loss: 0.4250 - val_acc: 0.8248
Epoch 2/200
 - 10s - loss: 0.4314 - acc: 0.8223 - val_loss: 0.4138 - val_acc: 0.8287
Epoch 3/200
 - 10s - loss: 0.4172 - acc: 0.8257 - val_loss: 0.4042 - val_acc: 0.8279
Epoch 4/200
 - 10s - loss: 0.4078 - acc: 0.8290 - val_loss: 0.4023 - val_acc: 0.8311
Epoch 5/200
 - 10s - loss: 0.4021 - acc: 0.8308 - val_loss: 0.3936 - val_acc: 0.8337
Epoch 6/200
 - 10s - loss: 0.3956 - acc: 0.8328 - val_loss: 0.3908 - val_acc: 0.8337
Epoch 7/200
 - 10s - loss: 0.3907 - acc: 0.8348 - val_loss: 0.3912 - val_acc: 0.8324
Epoch 8/200
 - 10s - loss: 0.3862 - acc: 0.8363 - val_loss: 0.3864 - val_acc: 0.8354
Epoch 9/200
 - 10s - loss: 0.3811 - acc: 0.8375 - val_loss: 0.3871 - val_acc: 0.8343
Epoch 10/200
 - 10s - loss: 0.3775 - acc: 0.8390 - val_loss: 0.3872 - val_acc: 0.8353
Epoch 11/200
 - 10s - loss: 0.3735 - acc: 0.8409 - val_loss: 0.3823 - val_acc: 0.8380
Epoch 12/200
 - 10s - loss: 0.3691 - acc: 0.8418 - val_loss: 0.3814 - val_acc: 0.8393
Epoch 13/200
 - 10s - loss: 0.3662 - acc: 0.8439 - val_loss: 0.3820 - val_acc: 0.8380
Epoch 14/200
 - 10s - loss: 0.3620 - acc: 0.8449 - val_loss: 0.3829 - val_acc: 0.8379
Epoch 15/200
 - 10s - loss: 0.3591 - acc: 0.8466 - val_loss: 0.3853 - val_acc: 0.8370
Epoch 16/200
 - 10s - loss: 0.3554 - acc: 0.8478 - val_loss: 0.3819 - val_acc: 0.8379
Epoch 17/200
 - 10s - loss: 0.3517 - acc: 0.8491 - val_loss: 0.3833 - val_acc: 0.8364
Dev eval precision 0.4735479097281778
Dev eval recall 0.6837606837570313
Dev eval accuracy 0.8011840157860866
Dev eval F1-score 0.5595628366925728

 cnn_fold2.h5 curr_fold: 2
Train on 161595 samples, validate on 23085 samples
Epoch 1/200
 - 11s - loss: 0.4927 - acc: 0.7932 - val_loss: 0.4335 - val_acc: 0.8216
Epoch 2/200
 - 10s - loss: 0.4344 - acc: 0.8216 - val_loss: 0.4196 - val_acc: 0.8252
Epoch 3/200
 - 10s - loss: 0.4217 - acc: 0.8256 - val_loss: 0.4142 - val_acc: 0.8262
Epoch 4/200
 - 10s - loss: 0.4133 - acc: 0.8281 - val_loss: 0.4092 - val_acc: 0.8271
Epoch 5/200
 - 10s - loss: 0.4061 - acc: 0.8298 - val_loss: 0.4030 - val_acc: 0.8298
Epoch 6/200
 - 10s - loss: 0.4010 - acc: 0.8313 - val_loss: 0.4015 - val_acc: 0.8288
Epoch 7/200
 - 10s - loss: 0.3969 - acc: 0.8322 - val_loss: 0.4008 - val_acc: 0.8297
Epoch 8/200
 - 10s - loss: 0.3919 - acc: 0.8347 - val_loss: 0.3999 - val_acc: 0.8296
Epoch 9/200
 - 10s - loss: 0.3878 - acc: 0.8364 - val_loss: 0.3964 - val_acc: 0.8317
Epoch 10/200
 - 10s - loss: 0.3855 - acc: 0.8372 - val_loss: 0.3932 - val_acc: 0.8332
Epoch 11/200
 - 10s - loss: 0.3804 - acc: 0.8381 - val_loss: 0.3936 - val_acc: 0.8353
Epoch 12/200
 - 10s - loss: 0.3770 - acc: 0.8397 - val_loss: 0.3924 - val_acc: 0.8337
Epoch 13/200
 - 10s - loss: 0.3729 - acc: 0.8416 - val_loss: 0.3902 - val_acc: 0.8343
Epoch 14/200
 - 10s - loss: 0.3698 - acc: 0.8431 - val_loss: 0.3925 - val_acc: 0.8343
Epoch 15/200
 - 10s - loss: 0.3655 - acc: 0.8444 - val_loss: 0.3894 - val_acc: 0.8350
Epoch 16/200
 - 10s - loss: 0.3627 - acc: 0.8456 - val_loss: 0.4257 - val_acc: 0.8302
Epoch 17/200
 - 10s - loss: 0.3590 - acc: 0.8472 - val_loss: 0.3895 - val_acc: 0.8342
Epoch 18/200
 - 10s - loss: 0.3560 - acc: 0.8483 - val_loss: 0.3911 - val_acc: 0.8357
Epoch 19/200
 - 10s - loss: 0.3526 - acc: 0.8494 - val_loss: 0.3886 - val_acc: 0.8355
Epoch 20/200
 - 10s - loss: 0.3490 - acc: 0.8511 - val_loss: 0.3885 - val_acc: 0.8350
Epoch 21/200
 - 10s - loss: 0.3468 - acc: 0.8516 - val_loss: 0.3888 - val_acc: 0.8358
Epoch 22/200
 - 10s - loss: 0.3436 - acc: 0.8529 - val_loss: 0.3886 - val_acc: 0.8362
Epoch 23/200
 - 10s - loss: 0.3408 - acc: 0.8544 - val_loss: 0.3890 - val_acc: 0.8361
Epoch 24/200
 - 10s - loss: 0.3384 - acc: 0.8551 - val_loss: 0.3904 - val_acc: 0.8343
Epoch 25/200
 - 10s - loss: 0.3351 - acc: 0.8561 - val_loss: 0.3881 - val_acc: 0.8376
Epoch 26/200
 - 10s - loss: 0.3312 - acc: 0.8580 - val_loss: 0.3906 - val_acc: 0.8350
Epoch 27/200
 - 10s - loss: 0.3298 - acc: 0.8586 - val_loss: 0.3903 - val_acc: 0.8361
Epoch 28/200
 - 10s - loss: 0.3307 - acc: 0.8587 - val_loss: 0.3864 - val_acc: 0.8358
Epoch 29/200
 - 10s - loss: 0.3252 - acc: 0.8606 - val_loss: 0.3861 - val_acc: 0.8352
Epoch 30/200
 - 10s - loss: 0.3224 - acc: 0.8611 - val_loss: 0.3876 - val_acc: 0.8377
Epoch 31/200
 - 10s - loss: 0.3206 - acc: 0.8623 - val_loss: 0.3855 - val_acc: 0.8371
Epoch 32/200
 - 10s - loss: 0.3160 - acc: 0.8652 - val_loss: 0.3870 - val_acc: 0.8354
Epoch 33/200
 - 10s - loss: 0.3135 - acc: 0.8643 - val_loss: 0.3865 - val_acc: 0.8361
Epoch 34/200
 - 10s - loss: 0.3097 - acc: 0.8662 - val_loss: 0.3883 - val_acc: 0.8353
Epoch 35/200
 - 10s - loss: 0.3760 - acc: 0.8486 - val_loss: 0.4808 - val_acc: 0.8166
Epoch 36/200
 - 10s - loss: 0.4744 - acc: 0.8181 - val_loss: 0.4771 - val_acc: 0.8166
Dev eval precision 0.48252032520129057
Dev eval recall 0.6340811965778095
Dev eval accuracy 0.8068080907737475
Dev eval F1-score 0.5480147688661353

 cnn_fold3.h5 curr_fold: 3
Train on 161595 samples, validate on 23085 samples
Epoch 1/200
 - 11s - loss: 0.4871 - acc: 0.7923 - val_loss: 0.4259 - val_acc: 0.8255
Epoch 2/200
 - 10s - loss: 0.4259 - acc: 0.8230 - val_loss: 0.4074 - val_acc: 0.8298
Epoch 3/200
 - 10s - loss: 0.4116 - acc: 0.8271 - val_loss: 0.4046 - val_acc: 0.8310
Epoch 4/200
 - 10s - loss: 0.4031 - acc: 0.8296 - val_loss: 0.3969 - val_acc: 0.8301
Epoch 5/200
 - 10s - loss: 0.3954 - acc: 0.8325 - val_loss: 0.3929 - val_acc: 0.8340
Epoch 6/200
 - 10s - loss: 0.3898 - acc: 0.8345 - val_loss: 0.3887 - val_acc: 0.8333
Epoch 7/200
 - 10s - loss: 0.3838 - acc: 0.8364 - val_loss: 0.3877 - val_acc: 0.8337
Epoch 8/200
 - 10s - loss: 0.3794 - acc: 0.8372 - val_loss: 0.3855 - val_acc: 0.8362
Epoch 9/200
 - 10s - loss: 0.3754 - acc: 0.8389 - val_loss: 0.3870 - val_acc: 0.8346
Epoch 10/200
 - 10s - loss: 0.3698 - acc: 0.8413 - val_loss: 0.3831 - val_acc: 0.8357
Epoch 11/200
 - 10s - loss: 0.3665 - acc: 0.8435 - val_loss: 0.3821 - val_acc: 0.8373
Epoch 12/200
 - 10s - loss: 0.3629 - acc: 0.8447 - val_loss: 0.3804 - val_acc: 0.8368
Epoch 13/200
 - 10s - loss: 0.3591 - acc: 0.8455 - val_loss: 0.3807 - val_acc: 0.8369
Epoch 14/200
 - 10s - loss: 0.3550 - acc: 0.8472 - val_loss: 0.3777 - val_acc: 0.8379
Epoch 15/200
 - 10s - loss: 0.3514 - acc: 0.8487 - val_loss: 0.3794 - val_acc: 0.8374
Epoch 16/200
 - 10s - loss: 0.3483 - acc: 0.8494 - val_loss: 0.3791 - val_acc: 0.8389
Epoch 17/200
 - 10s - loss: 0.3438 - acc: 0.8517 - val_loss: 0.3799 - val_acc: 0.8384
Epoch 18/200
 - 10s - loss: 0.3410 - acc: 0.8520 - val_loss: 0.3783 - val_acc: 0.8393
Epoch 19/200
 - 10s - loss: 0.3363 - acc: 0.8550 - val_loss: 0.3780 - val_acc: 0.8392
Dev eval precision 0.46649672250376367
Dev eval recall 0.6842948717912164
Dev eval accuracy 0.7971386285142603
Dev eval F1-score 0.5547856166578538

 cnn_fold4.h5 curr_fold: 4
Train on 161595 samples, validate on 23085 samples
Epoch 1/200
 - 11s - loss: 0.4870 - acc: 0.7988 - val_loss: 0.4348 - val_acc: 0.8230
Epoch 2/200
 - 10s - loss: 0.4370 - acc: 0.8220 - val_loss: 0.4302 - val_acc: 0.8231
Epoch 3/200
 - 10s - loss: 0.4238 - acc: 0.8246 - val_loss: 0.4298 - val_acc: 0.8210
Epoch 4/200
 - 10s - loss: 0.4149 - acc: 0.8262 - val_loss: 0.4120 - val_acc: 0.8278
Epoch 5/200
 - 10s - loss: 0.4072 - acc: 0.8290 - val_loss: 0.4079 - val_acc: 0.8290
Epoch 6/200
 - 10s - loss: 0.4032 - acc: 0.8306 - val_loss: 0.4045 - val_acc: 0.8293
Epoch 7/200
 - 10s - loss: 0.3987 - acc: 0.8313 - val_loss: 0.4023 - val_acc: 0.8301
Epoch 8/200
 - 10s - loss: 0.3944 - acc: 0.8333 - val_loss: 0.3984 - val_acc: 0.8314
Epoch 9/200
 - 10s - loss: 0.3896 - acc: 0.8351 - val_loss: 0.3966 - val_acc: 0.8312
Epoch 10/200
 - 10s - loss: 0.3864 - acc: 0.8358 - val_loss: 0.3951 - val_acc: 0.8332
Epoch 11/200
 - 10s - loss: 0.3839 - acc: 0.8371 - val_loss: 0.3936 - val_acc: 0.8330
Epoch 12/200
 - 10s - loss: 0.3787 - acc: 0.8385 - val_loss: 0.3934 - val_acc: 0.8325
Epoch 13/200
 - 10s - loss: 0.3758 - acc: 0.8398 - val_loss: 0.3935 - val_acc: 0.8326
Epoch 14/200
 - 10s - loss: 0.3732 - acc: 0.8408 - val_loss: 0.3946 - val_acc: 0.8320
Epoch 15/200
 - 10s - loss: 0.3696 - acc: 0.8419 - val_loss: 0.3924 - val_acc: 0.8341
Epoch 16/200
 - 10s - loss: 0.3664 - acc: 0.8433 - val_loss: 0.3922 - val_acc: 0.8334
Epoch 17/200
 - 10s - loss: 0.3626 - acc: 0.8445 - val_loss: 0.3941 - val_acc: 0.8321
Epoch 18/200
 - 10s - loss: 0.3594 - acc: 0.8458 - val_loss: 0.3900 - val_acc: 0.8344
Epoch 19/200
 - 10s - loss: 0.3552 - acc: 0.8473 - val_loss: 0.3921 - val_acc: 0.8346
Epoch 20/200
 - 10s - loss: 0.3528 - acc: 0.8489 - val_loss: 0.3905 - val_acc: 0.8361
Epoch 21/200
 - 10s - loss: 0.3507 - acc: 0.8486 - val_loss: 0.3911 - val_acc: 0.8349
Epoch 22/200
 - 10s - loss: 0.3477 - acc: 0.8508 - val_loss: 0.3907 - val_acc: 0.8350
Epoch 23/200
 - 10s - loss: 0.3439 - acc: 0.8518 - val_loss: 0.3920 - val_acc: 0.8340
Dev eval precision 0.4274193548373309
Dev eval recall 0.7077991452953644
Dev eval accuracy 0.7708929452385092
Dev eval F1-score 0.532984709703503

 cnn_fold5.h5 curr_fold: 5
Train on 161595 samples, validate on 23085 samples
Epoch 1/200
 - 12s - loss: 0.4901 - acc: 0.7939 - val_loss: 0.4255 - val_acc: 0.8230
Epoch 2/200
 - 10s - loss: 0.4293 - acc: 0.8229 - val_loss: 0.4118 - val_acc: 0.8268
Epoch 3/200
 - 10s - loss: 0.4157 - acc: 0.8266 - val_loss: 0.4037 - val_acc: 0.8298
Epoch 4/200
 - 10s - loss: 0.4057 - acc: 0.8294 - val_loss: 0.4025 - val_acc: 0.8299
Epoch 5/200
 - 10s - loss: 0.4011 - acc: 0.8311 - val_loss: 0.3991 - val_acc: 0.8309
Epoch 6/200
 - 10s - loss: 0.3956 - acc: 0.8329 - val_loss: 0.3961 - val_acc: 0.8303
Epoch 7/200
 - 10s - loss: 0.3925 - acc: 0.8340 - val_loss: 0.3958 - val_acc: 0.8316
Epoch 8/200
 - 10s - loss: 0.3887 - acc: 0.8352 - val_loss: 0.4281 - val_acc: 0.8202
Epoch 9/200
 - 10s - loss: 0.3833 - acc: 0.8365 - val_loss: 0.3900 - val_acc: 0.8327
Epoch 10/200
 - 10s - loss: 0.3801 - acc: 0.8380 - val_loss: 0.3899 - val_acc: 0.8338
Epoch 11/200
 - 10s - loss: 0.3757 - acc: 0.8394 - val_loss: 0.3894 - val_acc: 0.8367
Epoch 12/200
 - 10s - loss: 0.3711 - acc: 0.8416 - val_loss: 0.3887 - val_acc: 0.8363
Epoch 13/200
 - 10s - loss: 0.3675 - acc: 0.8424 - val_loss: 0.3874 - val_acc: 0.8359
Epoch 14/200
 - 10s - loss: 0.3638 - acc: 0.8439 - val_loss: 0.3883 - val_acc: 0.8363
Epoch 15/200
 - 10s - loss: 0.3599 - acc: 0.8455 - val_loss: 0.3965 - val_acc: 0.8338
Epoch 16/200
 - 10s - loss: 0.3560 - acc: 0.8464 - val_loss: 0.3918 - val_acc: 0.8342
Epoch 17/200
 - 10s - loss: 0.3525 - acc: 0.8484 - val_loss: 0.3970 - val_acc: 0.8349
Epoch 18/200
 - 10s - loss: 0.3489 - acc: 0.8496 - val_loss: 0.3882 - val_acc: 0.8367
Dev eval precision 0.44295991777854415
Dev eval recall 0.6907051282014386
Dev eval accuracy 0.78243709916055
Dev eval F1-score 0.5397620490875046

 cnn_fold6.h5 curr_fold: 6
Train on 161595 samples, validate on 23085 samples
Epoch 1/200
 - 12s - loss: 0.4897 - acc: 0.7948 - val_loss: 0.4211 - val_acc: 0.8260
Epoch 2/200
 - 10s - loss: 0.4259 - acc: 0.8231 - val_loss: 0.4096 - val_acc: 0.8290
Epoch 3/200
 - 10s - loss: 0.4122 - acc: 0.8268 - val_loss: 0.4016 - val_acc: 0.8303
Epoch 4/200
 - 10s - loss: 0.4029 - acc: 0.8295 - val_loss: 0.3971 - val_acc: 0.8315
Epoch 5/200
 - 10s - loss: 0.3956 - acc: 0.8322 - val_loss: 0.4049 - val_acc: 0.8297
Epoch 6/200
 - 10s - loss: 0.3907 - acc: 0.8341 - val_loss: 0.3919 - val_acc: 0.8331
Epoch 7/200
 - 10s - loss: 0.3860 - acc: 0.8354 - val_loss: 0.3875 - val_acc: 0.8361
Epoch 8/200
 - 10s - loss: 0.3804 - acc: 0.8366 - val_loss: 0.3884 - val_acc: 0.8366
Epoch 9/200
 - 10s - loss: 0.3756 - acc: 0.8390 - val_loss: 0.3860 - val_acc: 0.8387
Epoch 10/200
 - 10s - loss: 0.3722 - acc: 0.8403 - val_loss: 0.3846 - val_acc: 0.8378
Epoch 11/200
 - 10s - loss: 0.3681 - acc: 0.8412 - val_loss: 0.3849 - val_acc: 0.8360
Epoch 12/200
 - 10s - loss: 0.3634 - acc: 0.8436 - val_loss: 0.3847 - val_acc: 0.8387
Epoch 13/200
 - 10s - loss: 0.3593 - acc: 0.8441 - val_loss: 0.3848 - val_acc: 0.8384
Epoch 14/200
 - 10s - loss: 0.3555 - acc: 0.8467 - val_loss: 0.3826 - val_acc: 0.8382
Epoch 15/200
 - 10s - loss: 0.3516 - acc: 0.8482 - val_loss: 0.3826 - val_acc: 0.8369
Epoch 16/200
 - 10s - loss: 0.3488 - acc: 0.8500 - val_loss: 0.3826 - val_acc: 0.8384
Epoch 17/200
 - 11s - loss: 0.3449 - acc: 0.8504 - val_loss: 0.3825 - val_acc: 0.8373
Epoch 18/200
 - 12s - loss: 0.3417 - acc: 0.8520 - val_loss: 0.3816 - val_acc: 0.8395
Epoch 19/200
 - 12s - loss: 0.3379 - acc: 0.8533 - val_loss: 0.3849 - val_acc: 0.8379
Epoch 20/200
 - 12s - loss: 0.3345 - acc: 0.8557 - val_loss: 0.3874 - val_acc: 0.8388
Epoch 21/200
 - 12s - loss: 0.3329 - acc: 0.8558 - val_loss: 0.3858 - val_acc: 0.8371
Epoch 22/200
 - 12s - loss: 0.3296 - acc: 0.8571 - val_loss: 0.3849 - val_acc: 0.8378
Epoch 23/200
 - 12s - loss: 0.3261 - acc: 0.8586 - val_loss: 0.3856 - val_acc: 0.8378
Dev eval precision 0.48033044846388545
Dev eval recall 0.6522435897401055
Dev eval accuracy 0.8054267390223923
Dev eval F1-score 0.5532396870021367

 cnn_fold7.h5 curr_fold: 7
Train on 161595 samples, validate on 23085 samples
Epoch 1/200
 - 15s - loss: 0.4903 - acc: 0.7971 - val_loss: 0.4274 - val_acc: 0.8263
Epoch 2/200
 - 12s - loss: 0.4340 - acc: 0.8214 - val_loss: 0.4049 - val_acc: 0.8305
Epoch 3/200
 - 12s - loss: 0.4154 - acc: 0.8267 - val_loss: 0.3941 - val_acc: 0.8337
Epoch 4/200
 - 12s - loss: 0.4059 - acc: 0.8288 - val_loss: 0.3901 - val_acc: 0.8358
Epoch 5/200
 - 12s - loss: 0.3977 - acc: 0.8319 - val_loss: 0.3885 - val_acc: 0.8378
Epoch 6/200
 - 12s - loss: 0.3914 - acc: 0.8333 - val_loss: 0.3841 - val_acc: 0.8387
Epoch 7/200
 - 12s - loss: 0.3870 - acc: 0.8349 - val_loss: 0.3800 - val_acc: 0.8395
Epoch 8/200
 - 12s - loss: 0.3816 - acc: 0.8377 - val_loss: 0.3801 - val_acc: 0.8399
Epoch 9/200
 - 12s - loss: 0.3768 - acc: 0.8389 - val_loss: 0.3770 - val_acc: 0.8404
Epoch 10/200
 - 12s - loss: 0.3736 - acc: 0.8401 - val_loss: 0.3769 - val_acc: 0.8389
Epoch 11/200
 - 12s - loss: 0.3685 - acc: 0.8431 - val_loss: 0.3771 - val_acc: 0.8395
Epoch 12/200
 - 12s - loss: 0.3639 - acc: 0.8441 - val_loss: 0.3744 - val_acc: 0.8401
Epoch 13/200
 - 12s - loss: 0.3608 - acc: 0.8446 - val_loss: 0.3735 - val_acc: 0.8397
Epoch 14/200
 - 12s - loss: 0.3571 - acc: 0.8460 - val_loss: 0.3763 - val_acc: 0.8409
Epoch 15/200
 - 12s - loss: 0.3535 - acc: 0.8471 - val_loss: 0.3748 - val_acc: 0.8395
Epoch 16/200
 - 12s - loss: 0.3494 - acc: 0.8497 - val_loss: 0.3739 - val_acc: 0.8398
Epoch 17/200
 - 12s - loss: 0.3471 - acc: 0.8507 - val_loss: 0.3736 - val_acc: 0.8402
Epoch 18/200
 - 12s - loss: 0.3430 - acc: 0.8527 - val_loss: 0.3737 - val_acc: 0.8406
Dev eval precision 0.4576329331030613
Dev eval recall 0.712606837603031
Dev eval accuracy 0.7909225456331613
Dev eval F1-score 0.5573427986609791
final result and score...
Dev eval precision 0.48384728340497857
Dev eval recall 0.7040598290560681
Dev eval accuracy 0.8066107548092682
Dev eval F1-score 0.573542205787259
