 bidaf_fold0.h5 curr_fold: 0
Train on 147744 samples, validate on 36936 samples
Epoch 1/200
 - 90s - loss: 0.4883 - acc: 0.7981 - val_loss: 0.4435 - val_acc: 0.8224
Epoch 2/200
 - 88s - loss: 0.4370 - acc: 0.8201 - val_loss: 0.4776 - val_acc: 0.7976
Epoch 3/200
 - 88s - loss: 0.4185 - acc: 0.8250 - val_loss: 0.4183 - val_acc: 0.8253
Epoch 4/200
 - 88s - loss: 0.4091 - acc: 0.8283 - val_loss: 0.4531 - val_acc: 0.8145
Epoch 5/200
 - 88s - loss: 0.4022 - acc: 0.8300 - val_loss: 0.4188 - val_acc: 0.8292
Epoch 6/200
 - 88s - loss: 0.3971 - acc: 0.8322 - val_loss: 0.5328 - val_acc: 0.7203
Epoch 7/200
 - 88s - loss: 0.3894 - acc: 0.8345 - val_loss: 0.4200 - val_acc: 0.8205
Epoch 8/200
 - 88s - loss: 0.3825 - acc: 0.8366 - val_loss: 0.5093 - val_acc: 0.7326
Dev eval precision 0.4973544973518659
Dev eval recall 0.5021367521340698
Dev eval accuracy 0.8143068574239621
Dev eval F1-score 0.49973417894216804

 bidaf_fold1.h5 curr_fold: 1
Train on 147744 samples, validate on 36936 samples
Epoch 1/200
 - 90s - loss: 0.4837 - acc: 0.7998 - val_loss: 0.6143 - val_acc: 0.8158
Epoch 2/200
 - 88s - loss: 0.4385 - acc: 0.8211 - val_loss: 0.5964 - val_acc: 0.8165
Epoch 3/200
 - 88s - loss: 0.4240 - acc: 0.8243 - val_loss: 0.4378 - val_acc: 0.8209
Epoch 4/200
 - 88s - loss: 0.4134 - acc: 0.8274 - val_loss: 0.4304 - val_acc: 0.8193
Epoch 5/200
 - 88s - loss: 0.4069 - acc: 0.8287 - val_loss: 0.4321 - val_acc: 0.8220
Epoch 6/200
 - 88s - loss: 0.4000 - acc: 0.8304 - val_loss: 0.4465 - val_acc: 0.8146
Epoch 7/200
 - 88s - loss: 0.3939 - acc: 0.8327 - val_loss: 0.5507 - val_acc: 0.8225
Epoch 8/200
 - 88s - loss: 0.3881 - acc: 0.8345 - val_loss: 0.4097 - val_acc: 0.8272
Epoch 9/200
 - 88s - loss: 0.3826 - acc: 0.8365 - val_loss: 0.4184 - val_acc: 0.8253
Epoch 10/200
 - 88s - loss: 0.3769 - acc: 0.8387 - val_loss: 0.4147 - val_acc: 0.8305
Epoch 11/200
 - 88s - loss: 0.3707 - acc: 0.8402 - val_loss: 0.4434 - val_acc: 0.7979
Epoch 12/200
 - 88s - loss: 0.3654 - acc: 0.8432 - val_loss: 0.5644 - val_acc: 0.8208
Epoch 13/200
 - 88s - loss: 0.3606 - acc: 0.8447 - val_loss: 0.5502 - val_acc: 0.8184
Dev eval precision 0.4498321521803438
Dev eval recall 0.6442307692273279
Dev eval accuracy 0.7887518500238887
Dev eval F1-score 0.5297605925638351

 bidaf_fold2.h5 curr_fold: 2
Train on 147744 samples, validate on 36936 samples
Epoch 1/200
 - 90s - loss: 0.4843 - acc: 0.7991 - val_loss: 0.4447 - val_acc: 0.8203
Epoch 2/200
 - 88s - loss: 0.4368 - acc: 0.8207 - val_loss: 0.4355 - val_acc: 0.8250
Epoch 3/200
 - 88s - loss: 0.4199 - acc: 0.8257 - val_loss: 0.4200 - val_acc: 0.8252
Epoch 4/200
 - 88s - loss: 0.4114 - acc: 0.8271 - val_loss: 0.5802 - val_acc: 0.8184
Epoch 5/200
 - 88s - loss: 0.4047 - acc: 0.8295 - val_loss: 0.7845 - val_acc: 0.8185
Epoch 6/200
 - 88s - loss: 0.4008 - acc: 0.8313 - val_loss: 0.4739 - val_acc: 0.7702
Epoch 7/200
 - 88s - loss: 0.3940 - acc: 0.8332 - val_loss: 0.4452 - val_acc: 0.8224
Epoch 8/200
 - 88s - loss: 0.3881 - acc: 0.8345 - val_loss: 0.5702 - val_acc: 0.6937
Dev eval precision 0.5023121387254202
Dev eval recall 0.464209401706922
Dev eval accuracy 0.8160828811042761
Dev eval F1-score 0.48250971182907837

 bidaf_fold3.h5 curr_fold: 3
Train on 147744 samples, validate on 36936 samples
Epoch 1/200
 - 91s - loss: 0.4831 - acc: 0.7999 - val_loss: 0.4336 - val_acc: 0.8222
Epoch 2/200
 - 88s - loss: 0.4379 - acc: 0.8202 - val_loss: 0.4378 - val_acc: 0.8234
Epoch 3/200
 - 88s - loss: 0.4232 - acc: 0.8237 - val_loss: 0.4239 - val_acc: 0.8253
Epoch 4/200
 - 88s - loss: 0.4133 - acc: 0.8268 - val_loss: 0.4484 - val_acc: 0.8226
Epoch 5/200
 - 88s - loss: 0.4060 - acc: 0.8277 - val_loss: 0.5353 - val_acc: 0.8219
Epoch 6/200
 - 88s - loss: 0.3983 - acc: 0.8310 - val_loss: 0.4168 - val_acc: 0.8285
Epoch 7/200
 - 88s - loss: 0.3909 - acc: 0.8329 - val_loss: 0.4974 - val_acc: 0.7496
Epoch 8/200
 - 88s - loss: 0.3850 - acc: 0.8353 - val_loss: 0.4292 - val_acc: 0.8291
Epoch 9/200
 - 88s - loss: 0.3773 - acc: 0.8377 - val_loss: 0.4130 - val_acc: 0.8314
Epoch 10/200
 - 88s - loss: 0.3716 - acc: 0.8402 - val_loss: 0.5913 - val_acc: 0.6658
Epoch 11/200
 - 88s - loss: 0.3661 - acc: 0.8416 - val_loss: 0.5916 - val_acc: 0.6718
Epoch 12/200
 - 88s - loss: 0.3599 - acc: 0.8448 - val_loss: 0.6132 - val_acc: 0.6318
Epoch 13/200
 - 88s - loss: 0.3533 - acc: 0.8473 - val_loss: 0.3978 - val_acc: 0.8315
Epoch 14/200
 - 88s - loss: 0.3447 - acc: 0.8499 - val_loss: 0.6009 - val_acc: 0.8263
Epoch 15/200
 - 88s - loss: 0.3377 - acc: 0.8527 - val_loss: 0.4060 - val_acc: 0.8297
Epoch 16/200
 - 88s - loss: 0.3285 - acc: 0.8566 - val_loss: 0.4637 - val_acc: 0.7835
Epoch 17/200
 - 88s - loss: 0.3182 - acc: 0.8612 - val_loss: 0.5608 - val_acc: 0.8227
Epoch 18/200
 - 88s - loss: 0.3085 - acc: 0.8650 - val_loss: 0.4542 - val_acc: 0.8275
Dev eval precision 0.4647831277339245
Dev eval recall 0.623931623928291
Dev eval accuracy 0.7978293043899379
Dev eval F1-score 0.5327251946483132

 bidaf_fold4.h5 curr_fold: 4
Train on 147744 samples, validate on 36936 samples
Epoch 1/200
 - 91s - loss: 0.4872 - acc: 0.8000 - val_loss: 0.4921 - val_acc: 0.8038
Epoch 2/200
 - 88s - loss: 0.4407 - acc: 0.8195 - val_loss: 0.4370 - val_acc: 0.8232
Epoch 3/200
 - 88s - loss: 0.4222 - acc: 0.8236 - val_loss: 0.4960 - val_acc: 0.8220
Epoch 4/200
 - 88s - loss: 0.4121 - acc: 0.8266 - val_loss: 0.4200 - val_acc: 0.8235
Epoch 5/200
 - 88s - loss: 0.4041 - acc: 0.8290 - val_loss: 0.4458 - val_acc: 0.8181
Epoch 6/200
 - 88s - loss: 0.3981 - acc: 0.8309 - val_loss: 0.7050 - val_acc: 0.6055
Epoch 7/200
 - 88s - loss: 0.3910 - acc: 0.8340 - val_loss: 0.4428 - val_acc: 0.8181
Epoch 8/200
 - 88s - loss: 0.3847 - acc: 0.8362 - val_loss: 0.4002 - val_acc: 0.8322
Epoch 9/200
 - 88s - loss: 0.3780 - acc: 0.8385 - val_loss: 0.4307 - val_acc: 0.8277
Epoch 10/200
 - 88s - loss: 0.3724 - acc: 0.8403 - val_loss: 0.5175 - val_acc: 0.8264
Epoch 11/200
 - 88s - loss: 0.3662 - acc: 0.8427 - val_loss: 0.7115 - val_acc: 0.6081
Epoch 12/200
 - 88s - loss: 0.3601 - acc: 0.8446 - val_loss: 0.4335 - val_acc: 0.7961
Epoch 13/200
 - 88s - loss: 0.3526 - acc: 0.8487 - val_loss: 0.5370 - val_acc: 0.7224
Dev eval precision 0.48238707003529885
Dev eval recall 0.6217948717915502
Dev eval accuracy 0.8069067587559872
Dev eval F1-score 0.5432905435019025
final result and score...
Dev eval precision 0.4973753280818138
Dev eval recall 0.6073717948685504
Dev eval accuracy 0.8141095214594828
Dev eval F1-score 0.5468975419444845
