(184680, 118)
(10135, 118)
2018-07-06 12:18:39.483740: I tensorflow/core/platform/cpu_feature_guard.cc:140] Your CPU supports instructions that this TensorFlow binary was not compiled to use: AVX2 FMA
2018-07-06 12:18:40.197698: I tensorflow/stream_executor/cuda/cuda_gpu_executor.cc:898] successful NUMA node read from SysFS had negative value (-1), but there must be at least one NUMA node, so returning NUMA node zero
2018-07-06 12:18:40.198061: I tensorflow/core/common_runtime/gpu/gpu_device.cc:1212] Found device 0 with properties: 
name: GeForce GTX 1070 Ti major: 6 minor: 1 memoryClockRate(GHz): 1.683
pciBusID: 0000:0c:00.0
totalMemory: 7.92GiB freeMemory: 7.81GiB
2018-07-06 12:18:40.198080: I tensorflow/core/common_runtime/gpu/gpu_device.cc:1312] Adding visible gpu devices: 0
2018-07-06 12:18:40.382508: I tensorflow/core/common_runtime/gpu/gpu_device.cc:993] Creating TensorFlow device (/job:localhost/replica:0/task:0/device:GPU:0 with 7542 MB memory) -> physical GPU (device: 0, name: GeForce GTX 1070 Ti, pci bus id: 0000:0c:00.0, compute capability: 6.1)

 deattn_fold0.h5 curr_fold: 0
Train on 161595 samples, validate on 23085 samples
Epoch 1/100
 - 22s - loss: 0.4813 - acc: 0.8052 - val_loss: 0.4593 - val_acc: 0.8223
Epoch 2/100
 - 21s - loss: 0.4258 - acc: 0.8227 - val_loss: 0.5434 - val_acc: 0.7569
Epoch 3/100
 - 22s - loss: 0.4115 - acc: 0.8261 - val_loss: 0.4135 - val_acc: 0.8335
Epoch 4/100
 - 22s - loss: 0.4060 - acc: 0.8282 - val_loss: 0.4008 - val_acc: 0.8353
Epoch 5/100
 - 22s - loss: 0.3972 - acc: 0.8306 - val_loss: 0.4083 - val_acc: 0.8374
Epoch 6/100
 - 22s - loss: 0.3932 - acc: 0.8327 - val_loss: 0.3925 - val_acc: 0.8342
Epoch 7/100
 - 22s - loss: 0.3887 - acc: 0.8333 - val_loss: 0.4011 - val_acc: 0.8373
Epoch 8/100
 - 22s - loss: 0.3893 - acc: 0.8329 - val_loss: 0.3924 - val_acc: 0.8299
Epoch 9/100
 - 22s - loss: 0.3815 - acc: 0.8363 - val_loss: 0.4148 - val_acc: 0.8389
Epoch 10/100
 - 22s - loss: 0.3783 - acc: 0.8374 - val_loss: 0.3945 - val_acc: 0.8307
Epoch 11/100
 - 22s - loss: 0.3749 - acc: 0.8392 - val_loss: 0.3775 - val_acc: 0.8410
Epoch 12/100
 - 22s - loss: 0.3719 - acc: 0.8394 - val_loss: 0.3979 - val_acc: 0.8409
Epoch 13/100
 - 22s - loss: 0.3682 - acc: 0.8411 - val_loss: 0.3924 - val_acc: 0.8381
Epoch 14/100
 - 22s - loss: 0.3656 - acc: 0.8415 - val_loss: 0.3770 - val_acc: 0.8398
Epoch 15/100
 - 22s - loss: 0.3640 - acc: 0.8422 - val_loss: 0.3805 - val_acc: 0.8363
Epoch 16/100
 - 22s - loss: 0.3608 - acc: 0.8437 - val_loss: 0.3822 - val_acc: 0.8385
Epoch 17/100
 - 22s - loss: 0.3577 - acc: 0.8443 - val_loss: 0.3748 - val_acc: 0.8389
Epoch 18/100
 - 22s - loss: 0.3578 - acc: 0.8447 - val_loss: 0.3837 - val_acc: 0.8388
Epoch 19/100
 - 22s - loss: 0.3556 - acc: 0.8456 - val_loss: 0.3758 - val_acc: 0.8368
Epoch 20/100
 - 22s - loss: 0.3507 - acc: 0.8483 - val_loss: 0.3826 - val_acc: 0.8363
Epoch 21/100
 - 22s - loss: 0.3483 - acc: 0.8481 - val_loss: 0.3735 - val_acc: 0.8376
Epoch 22/100
 - 22s - loss: 0.3453 - acc: 0.8494 - val_loss: 0.3810 - val_acc: 0.8392
Epoch 23/100
 - 22s - loss: 0.3474 - acc: 0.8480 - val_loss: 0.3845 - val_acc: 0.8403
Epoch 24/100
 - 22s - loss: 0.3400 - acc: 0.8521 - val_loss: 0.3789 - val_acc: 0.8383
Epoch 25/100
 - 22s - loss: 0.3379 - acc: 0.8522 - val_loss: 0.3743 - val_acc: 0.8397
Epoch 26/100
 - 22s - loss: 0.3348 - acc: 0.8542 - val_loss: 0.3795 - val_acc: 0.8387
Dev eval precision 0.4565437943846583
Dev eval recall 0.7211538461499939
Dev eval accuracy 0.7899358658107647
Dev eval F1-score 0.5591219666727542

 deattn_fold1.h5 curr_fold: 1
Train on 161595 samples, validate on 23085 samples
Epoch 1/100
 - 23s - loss: 0.4833 - acc: 0.8043 - val_loss: 0.5567 - val_acc: 0.7610
Epoch 2/100
 - 22s - loss: 0.4212 - acc: 0.8245 - val_loss: 0.4621 - val_acc: 0.8185
Epoch 3/100
 - 22s - loss: 0.4051 - acc: 0.8290 - val_loss: 0.4262 - val_acc: 0.8238
Epoch 4/100
 - 22s - loss: 0.3975 - acc: 0.8308 - val_loss: 0.4662 - val_acc: 0.8197
Epoch 5/100
 - 22s - loss: 0.3908 - acc: 0.8330 - val_loss: 0.4316 - val_acc: 0.8284
Epoch 6/100
 - 22s - loss: 0.3867 - acc: 0.8345 - val_loss: 0.4050 - val_acc: 0.8232
Epoch 7/100
 - 22s - loss: 0.3852 - acc: 0.8347 - val_loss: 0.4142 - val_acc: 0.8287
Epoch 8/100
 - 22s - loss: 0.3838 - acc: 0.8346 - val_loss: 0.4115 - val_acc: 0.8201
Epoch 9/100
 - 22s - loss: 0.3785 - acc: 0.8365 - val_loss: 0.4124 - val_acc: 0.8246
Epoch 10/100
 - 22s - loss: 0.3779 - acc: 0.8367 - val_loss: 0.4010 - val_acc: 0.8224
Epoch 11/100
 - 22s - loss: 0.3711 - acc: 0.8396 - val_loss: 0.3986 - val_acc: 0.8278
Epoch 12/100
 - 22s - loss: 0.3691 - acc: 0.8406 - val_loss: 0.4062 - val_acc: 0.8283
Epoch 13/100
 - 22s - loss: 0.3683 - acc: 0.8408 - val_loss: 0.4289 - val_acc: 0.8133
Epoch 14/100
 - 22s - loss: 0.3638 - acc: 0.8428 - val_loss: 0.3947 - val_acc: 0.8315
Epoch 15/100
 - 22s - loss: 0.3624 - acc: 0.8435 - val_loss: 0.3972 - val_acc: 0.8300
Epoch 16/100
 - 22s - loss: 0.3587 - acc: 0.8436 - val_loss: 0.4002 - val_acc: 0.8225
Epoch 17/100
 - 22s - loss: 0.3559 - acc: 0.8451 - val_loss: 0.3931 - val_acc: 0.8305
Epoch 18/100
 - 22s - loss: 0.3538 - acc: 0.8456 - val_loss: 0.3989 - val_acc: 0.8266
Epoch 19/100
 - 22s - loss: 0.3510 - acc: 0.8473 - val_loss: 0.3937 - val_acc: 0.8319
Epoch 20/100
 - 22s - loss: 0.3476 - acc: 0.8486 - val_loss: 0.3936 - val_acc: 0.8318
Epoch 21/100
 - 22s - loss: 0.3454 - acc: 0.8496 - val_loss: 0.3906 - val_acc: 0.8316
Epoch 22/100
 - 22s - loss: 0.3407 - acc: 0.8516 - val_loss: 0.3922 - val_acc: 0.8330
Epoch 23/100
 - 22s - loss: 0.3387 - acc: 0.8520 - val_loss: 0.3967 - val_acc: 0.8282
Epoch 24/100
 - 22s - loss: 0.3383 - acc: 0.8523 - val_loss: 0.3986 - val_acc: 0.8290
Epoch 25/100
 - 22s - loss: 0.3371 - acc: 0.8531 - val_loss: 0.3992 - val_acc: 0.8292
Epoch 26/100
 - 22s - loss: 0.3328 - acc: 0.8537 - val_loss: 0.4010 - val_acc: 0.8297
Dev eval precision 0.42684438933531665
Dev eval recall 0.7355769230729937
Dev eval accuracy 0.7687222496292365
Dev eval F1-score 0.5402118431340269

 deattn_fold2.h5 curr_fold: 2
Train on 161595 samples, validate on 23085 samples
Epoch 1/100
 - 23s - loss: 0.4821 - acc: 0.8041 - val_loss: 0.5168 - val_acc: 0.7906
Epoch 2/100
 - 22s - loss: 0.4229 - acc: 0.8238 - val_loss: 0.4375 - val_acc: 0.8245
Epoch 3/100
 - 22s - loss: 0.4083 - acc: 0.8274 - val_loss: 0.4100 - val_acc: 0.8253
Epoch 4/100
 - 22s - loss: 0.3990 - acc: 0.8299 - val_loss: 0.4472 - val_acc: 0.8310
Epoch 5/100
 - 22s - loss: 0.3934 - acc: 0.8318 - val_loss: 0.4097 - val_acc: 0.8223
Epoch 6/100
 - 22s - loss: 0.3894 - acc: 0.8335 - val_loss: 0.4118 - val_acc: 0.8222
Epoch 7/100
 - 22s - loss: 0.3859 - acc: 0.8347 - val_loss: 0.3935 - val_acc: 0.8323
Epoch 8/100
 - 22s - loss: 0.3818 - acc: 0.8363 - val_loss: 0.3943 - val_acc: 0.8312
Epoch 9/100
 - 22s - loss: 0.3804 - acc: 0.8375 - val_loss: 0.3950 - val_acc: 0.8338
Epoch 10/100
 - 22s - loss: 0.3752 - acc: 0.8383 - val_loss: 0.3895 - val_acc: 0.8351
Epoch 11/100
 - 22s - loss: 0.3739 - acc: 0.8387 - val_loss: 0.3921 - val_acc: 0.8321
Epoch 12/100
 - 22s - loss: 0.3700 - acc: 0.8407 - val_loss: 0.3924 - val_acc: 0.8326
Epoch 13/100
 - 22s - loss: 0.3679 - acc: 0.8408 - val_loss: 0.4108 - val_acc: 0.8345
Epoch 14/100
 - 22s - loss: 0.3668 - acc: 0.8414 - val_loss: 0.3911 - val_acc: 0.8300
Epoch 15/100
 - 22s - loss: 0.3674 - acc: 0.8406 - val_loss: 0.3954 - val_acc: 0.8263
Dev eval precision 0.44854434664709364
Dev eval recall 0.7077991452953644
Dev eval accuracy 0.7852984706455004
Dev eval F1-score 0.5491089882038857

 deattn_fold3.h5 curr_fold: 3
Train on 161595 samples, validate on 23085 samples
Epoch 1/100
 - 23s - loss: 0.4813 - acc: 0.8049 - val_loss: 0.5401 - val_acc: 0.7680
Epoch 2/100
 - 22s - loss: 0.4223 - acc: 0.8239 - val_loss: 0.4611 - val_acc: 0.8177
Epoch 3/100
 - 22s - loss: 0.4075 - acc: 0.8286 - val_loss: 0.4076 - val_acc: 0.8276
Epoch 4/100
 - 22s - loss: 0.3987 - acc: 0.8306 - val_loss: 0.4059 - val_acc: 0.8269
Epoch 5/100
 - 22s - loss: 0.3932 - acc: 0.8323 - val_loss: 0.4028 - val_acc: 0.8328
Epoch 6/100
 - 22s - loss: 0.3899 - acc: 0.8330 - val_loss: 0.4021 - val_acc: 0.8291
Epoch 7/100
 - 22s - loss: 0.3848 - acc: 0.8354 - val_loss: 0.3880 - val_acc: 0.8332
Epoch 8/100
 - 22s - loss: 0.3801 - acc: 0.8358 - val_loss: 0.3919 - val_acc: 0.8305
Epoch 9/100
 - 22s - loss: 0.3770 - acc: 0.8380 - val_loss: 0.3936 - val_acc: 0.8328
Epoch 10/100
 - 22s - loss: 0.3735 - acc: 0.8385 - val_loss: 0.3837 - val_acc: 0.8351
Epoch 11/100
 - 22s - loss: 0.3708 - acc: 0.8403 - val_loss: 0.4174 - val_acc: 0.8324
Epoch 12/100
 - 22s - loss: 0.3683 - acc: 0.8409 - val_loss: 0.3958 - val_acc: 0.8371
Epoch 13/100
 - 22s - loss: 0.3665 - acc: 0.8415 - val_loss: 0.3884 - val_acc: 0.8274
Epoch 14/100
 - 22s - loss: 0.3661 - acc: 0.8411 - val_loss: 0.3863 - val_acc: 0.8334
Epoch 15/100
 - 22s - loss: 0.3605 - acc: 0.8429 - val_loss: 0.3847 - val_acc: 0.8345
Dev eval precision 0.4519489247296642
Dev eval recall 0.7184829059790679
Dev eval accuracy 0.7870744943258143
Dev eval F1-score 0.5548679820556792

 deattn_fold4.h5 curr_fold: 4
Train on 161595 samples, validate on 23085 samples
Epoch 1/100
 - 23s - loss: 0.4827 - acc: 0.8039 - val_loss: 0.5985 - val_acc: 0.6844
Epoch 2/100
 - 22s - loss: 0.4206 - acc: 0.8236 - val_loss: 0.4341 - val_acc: 0.8222
Epoch 3/100
 - 22s - loss: 0.4068 - acc: 0.8281 - val_loss: 0.4535 - val_acc: 0.8276
Epoch 4/100
 - 22s - loss: 0.3978 - acc: 0.8305 - val_loss: 0.4139 - val_acc: 0.8323
Epoch 5/100
 - 22s - loss: 0.3925 - acc: 0.8322 - val_loss: 0.3931 - val_acc: 0.8327
Epoch 6/100
 - 22s - loss: 0.3879 - acc: 0.8333 - val_loss: 0.3988 - val_acc: 0.8264
Epoch 7/100
 - 22s - loss: 0.3873 - acc: 0.8340 - val_loss: 0.3994 - val_acc: 0.8350
Epoch 8/100
 - 22s - loss: 0.3797 - acc: 0.8364 - val_loss: 0.3855 - val_acc: 0.8363
Epoch 9/100
 - 22s - loss: 0.3765 - acc: 0.8384 - val_loss: 0.3875 - val_acc: 0.8328
Epoch 10/100
 - 22s - loss: 0.3736 - acc: 0.8390 - val_loss: 0.3850 - val_acc: 0.8330
Epoch 11/100
 - 22s - loss: 0.3701 - acc: 0.8397 - val_loss: 0.3848 - val_acc: 0.8330
Epoch 12/100
 - 22s - loss: 0.3667 - acc: 0.8419 - val_loss: 0.3900 - val_acc: 0.8269
Epoch 13/100
 - 22s - loss: 0.3654 - acc: 0.8413 - val_loss: 0.3870 - val_acc: 0.8289
Epoch 14/100
 - 22s - loss: 0.3622 - acc: 0.8435 - val_loss: 0.3921 - val_acc: 0.8360
Epoch 15/100
 - 22s - loss: 0.3615 - acc: 0.8438 - val_loss: 0.3832 - val_acc: 0.8316
Epoch 16/100
 - 22s - loss: 0.3583 - acc: 0.8450 - val_loss: 0.3813 - val_acc: 0.8345
Epoch 17/100
 - 22s - loss: 0.3561 - acc: 0.8449 - val_loss: 0.3815 - val_acc: 0.8369
Epoch 18/100
 - 22s - loss: 0.3526 - acc: 0.8465 - val_loss: 0.3833 - val_acc: 0.8379
Epoch 19/100
 - 22s - loss: 0.3499 - acc: 0.8477 - val_loss: 0.3799 - val_acc: 0.8373
Epoch 20/100
 - 22s - loss: 0.3500 - acc: 0.8480 - val_loss: 0.3866 - val_acc: 0.8357
Epoch 21/100
 - 22s - loss: 0.3505 - acc: 0.8471 - val_loss: 0.3827 - val_acc: 0.8350
Epoch 22/100
 - 22s - loss: 0.3450 - acc: 0.8498 - val_loss: 0.3858 - val_acc: 0.8376
Epoch 23/100
 - 22s - loss: 0.3416 - acc: 0.8511 - val_loss: 0.3901 - val_acc: 0.8349
Epoch 24/100
 - 22s - loss: 0.3391 - acc: 0.8521 - val_loss: 0.3862 - val_acc: 0.8341
Dev eval precision 0.48365276211768643
Dev eval recall 0.6874999999963275
Dev eval accuracy 0.8067094227915079
Dev eval F1-score 0.5678358654335536

 deattn_fold5.h5 curr_fold: 5
Train on 161595 samples, validate on 23085 samples
Epoch 1/100
 - 23s - loss: 0.4824 - acc: 0.8030 - val_loss: 0.5190 - val_acc: 0.7649
Epoch 2/100
 - 22s - loss: 0.4205 - acc: 0.8247 - val_loss: 0.4172 - val_acc: 0.8261
Epoch 3/100
 - 22s - loss: 0.4090 - acc: 0.8269 - val_loss: 0.4097 - val_acc: 0.8273
Epoch 4/100
 - 22s - loss: 0.4005 - acc: 0.8300 - val_loss: 0.4282 - val_acc: 0.8289
Epoch 5/100
 - 22s - loss: 0.3932 - acc: 0.8327 - val_loss: 0.4154 - val_acc: 0.8295
Epoch 6/100
 - 22s - loss: 0.3873 - acc: 0.8343 - val_loss: 0.4024 - val_acc: 0.8266
Epoch 7/100
 - 22s - loss: 0.3825 - acc: 0.8355 - val_loss: 0.3990 - val_acc: 0.8305
Epoch 8/100
 - 22s - loss: 0.3783 - acc: 0.8371 - val_loss: 0.4304 - val_acc: 0.8237
Epoch 9/100
 - 22s - loss: 0.3758 - acc: 0.8383 - val_loss: 0.3976 - val_acc: 0.8263
Epoch 10/100
 - 22s - loss: 0.3732 - acc: 0.8390 - val_loss: 0.3893 - val_acc: 0.8318
Epoch 11/100
 - 22s - loss: 0.3704 - acc: 0.8404 - val_loss: 0.3970 - val_acc: 0.8308
Epoch 12/100
 - 22s - loss: 0.3655 - acc: 0.8420 - val_loss: 0.3941 - val_acc: 0.8295
Epoch 13/100
 - 22s - loss: 0.3640 - acc: 0.8425 - val_loss: 0.3885 - val_acc: 0.8338
Epoch 14/100
 - 22s - loss: 0.3604 - acc: 0.8437 - val_loss: 0.3910 - val_acc: 0.8326
Epoch 15/100
 - 22s - loss: 0.3574 - acc: 0.8450 - val_loss: 0.3909 - val_acc: 0.8341
Epoch 16/100
 - 22s - loss: 0.3550 - acc: 0.8461 - val_loss: 0.3865 - val_acc: 0.8313
Epoch 17/100
 - 22s - loss: 0.3515 - acc: 0.8467 - val_loss: 0.3889 - val_acc: 0.8347
Epoch 18/100
 - 22s - loss: 0.3497 - acc: 0.8478 - val_loss: 0.4084 - val_acc: 0.8350
Epoch 19/100
 - 22s - loss: 0.3527 - acc: 0.8464 - val_loss: 0.3911 - val_acc: 0.8342
Epoch 20/100
 - 22s - loss: 0.3455 - acc: 0.8494 - val_loss: 0.3863 - val_acc: 0.8314
Epoch 21/100
 - 22s - loss: 0.3441 - acc: 0.8495 - val_loss: 0.3835 - val_acc: 0.8350
Epoch 22/100
 - 22s - loss: 0.3409 - acc: 0.8510 - val_loss: 0.3907 - val_acc: 0.8230
Epoch 23/100
 - 22s - loss: 0.3371 - acc: 0.8536 - val_loss: 0.3842 - val_acc: 0.8372
Epoch 24/100
 - 22s - loss: 0.3353 - acc: 0.8535 - val_loss: 0.3849 - val_acc: 0.8339
Epoch 25/100
 - 22s - loss: 0.3315 - acc: 0.8552 - val_loss: 0.3846 - val_acc: 0.8354
Epoch 26/100
 - 22s - loss: 0.3303 - acc: 0.8554 - val_loss: 0.3841 - val_acc: 0.8345
Dev eval precision 0.42765371673163766
Dev eval recall 0.7467948717908826
Dev eval accuracy 0.7686235816469968
Dev eval F1-score 0.5438630570282448

 deattn_fold6.h5 curr_fold: 6
Train on 161595 samples, validate on 23085 samples
Epoch 1/100
 - 24s - loss: 0.4837 - acc: 0.8065 - val_loss: 0.5104 - val_acc: 0.8023
Epoch 2/100
 - 22s - loss: 0.4340 - acc: 0.8216 - val_loss: 0.4573 - val_acc: 0.8267
Epoch 3/100
 - 22s - loss: 0.4131 - acc: 0.8263 - val_loss: 0.4094 - val_acc: 0.8256
Epoch 4/100
 - 22s - loss: 0.4012 - acc: 0.8294 - val_loss: 0.4060 - val_acc: 0.8327
Epoch 5/100
 - 22s - loss: 0.3950 - acc: 0.8324 - val_loss: 0.3949 - val_acc: 0.8353
Epoch 6/100
 - 22s - loss: 0.3893 - acc: 0.8334 - val_loss: 0.4293 - val_acc: 0.8260
Epoch 7/100
 - 22s - loss: 0.3842 - acc: 0.8359 - val_loss: 0.3913 - val_acc: 0.8346
Epoch 8/100
 - 22s - loss: 0.3805 - acc: 0.8373 - val_loss: 0.3903 - val_acc: 0.8377
Epoch 9/100
 - 22s - loss: 0.3776 - acc: 0.8382 - val_loss: 0.3926 - val_acc: 0.8313
Epoch 10/100
 - 22s - loss: 0.3765 - acc: 0.8383 - val_loss: 0.3934 - val_acc: 0.8327
Epoch 11/100
 - 22s - loss: 0.3718 - acc: 0.8399 - val_loss: 0.3851 - val_acc: 0.8361
Epoch 12/100
 - 22s - loss: 0.3670 - acc: 0.8413 - val_loss: 0.3965 - val_acc: 0.8367
Epoch 13/100
 - 22s - loss: 0.3645 - acc: 0.8431 - val_loss: 0.3939 - val_acc: 0.8372
Epoch 14/100
 - 22s - loss: 0.3618 - acc: 0.8432 - val_loss: 0.3831 - val_acc: 0.8344
Epoch 15/100
 - 22s - loss: 0.3601 - acc: 0.8443 - val_loss: 0.3893 - val_acc: 0.8361
Epoch 16/100
 - 22s - loss: 0.3568 - acc: 0.8461 - val_loss: 0.3952 - val_acc: 0.8372
Epoch 17/100
 - 22s - loss: 0.3558 - acc: 0.8462 - val_loss: 0.3865 - val_acc: 0.8301
Epoch 18/100
 - 22s - loss: 0.3506 - acc: 0.8474 - val_loss: 0.3827 - val_acc: 0.8318
Epoch 19/100
 - 22s - loss: 0.3473 - acc: 0.8491 - val_loss: 0.3848 - val_acc: 0.8374
Epoch 20/100
 - 22s - loss: 0.3450 - acc: 0.8503 - val_loss: 0.3826 - val_acc: 0.8345
Epoch 21/100
 - 22s - loss: 0.3411 - acc: 0.8521 - val_loss: 0.3881 - val_acc: 0.8362
Epoch 22/100
 - 22s - loss: 0.3385 - acc: 0.8523 - val_loss: 0.3991 - val_acc: 0.8336
Epoch 23/100
 - 22s - loss: 0.3374 - acc: 0.8524 - val_loss: 0.3878 - val_acc: 0.8358
Epoch 24/100
 - 22s - loss: 0.3349 - acc: 0.8531 - val_loss: 0.3877 - val_acc: 0.8317
Epoch 25/100
 - 22s - loss: 0.3308 - acc: 0.8557 - val_loss: 0.3855 - val_acc: 0.8371
Dev eval precision 0.4607460035507611
Dev eval recall 0.6928418803381793
Dev eval accuracy 0.7934879131713927
Dev eval F1-score 0.5534456960747952

 deattn_fold7.h5 curr_fold: 7
Train on 161595 samples, validate on 23085 samples
Epoch 1/100
 - 24s - loss: 0.4777 - acc: 0.8054 - val_loss: 0.4404 - val_acc: 0.8247
Epoch 2/100
 - 22s - loss: 0.4198 - acc: 0.8239 - val_loss: 0.4681 - val_acc: 0.8183
Epoch 3/100
 - 22s - loss: 0.4059 - acc: 0.8289 - val_loss: 0.4334 - val_acc: 0.8247
Epoch 4/100
 - 22s - loss: 0.3975 - acc: 0.8306 - val_loss: 0.4525 - val_acc: 0.8200
Epoch 5/100
 - 22s - loss: 0.3921 - acc: 0.8326 - val_loss: 0.3997 - val_acc: 0.8302
Epoch 6/100
 - 22s - loss: 0.3872 - acc: 0.8344 - val_loss: 0.4128 - val_acc: 0.8321
Epoch 7/100
 - 22s - loss: 0.3844 - acc: 0.8353 - val_loss: 0.3993 - val_acc: 0.8309
Epoch 8/100
 - 22s - loss: 0.3785 - acc: 0.8371 - val_loss: 0.4113 - val_acc: 0.8372
Epoch 9/100
 - 22s - loss: 0.3769 - acc: 0.8369 - val_loss: 0.4001 - val_acc: 0.8331
Epoch 10/100
 - 22s - loss: 0.3733 - acc: 0.8383 - val_loss: 0.4300 - val_acc: 0.8332
Epoch 11/100
 - 22s - loss: 0.3706 - acc: 0.8397 - val_loss: 0.3889 - val_acc: 0.8362
Epoch 12/100
 - 22s - loss: 0.3672 - acc: 0.8411 - val_loss: 0.3879 - val_acc: 0.8343
Epoch 13/100
 - 22s - loss: 0.3654 - acc: 0.8416 - val_loss: 0.3929 - val_acc: 0.8327
Epoch 14/100
 - 22s - loss: 0.3627 - acc: 0.8427 - val_loss: 0.3838 - val_acc: 0.8340
Epoch 15/100
 - 22s - loss: 0.3586 - acc: 0.8445 - val_loss: 0.3869 - val_acc: 0.8360
Epoch 16/100
 - 22s - loss: 0.3562 - acc: 0.8453 - val_loss: 0.3868 - val_acc: 0.8369
Epoch 17/100
 - 22s - loss: 0.3529 - acc: 0.8471 - val_loss: 0.3882 - val_acc: 0.8352
Epoch 18/100
 - 22s - loss: 0.3515 - acc: 0.8470 - val_loss: 0.3871 - val_acc: 0.8358
Epoch 19/100
 - 22s - loss: 0.3501 - acc: 0.8468 - val_loss: 0.3896 - val_acc: 0.8262
Dev eval precision 0.473355384048242
Dev eval recall 0.6880341880305126
Dev eval accuracy 0.8009866798216072
Dev eval F1-score 0.56085346784421
final result and score...
Dev eval precision 0.4751649878413506
Dev eval recall 0.7307692307653272
Dev eval accuracy 0.8011840157860866
Dev eval F1-score 0.575878757588019
