(184680, 146)
(10135, 146)
(184680, 146)
[0]	Train-logloss:0.671335	valid-logloss:0.671578
Multiple eval metrics have been passed: 'valid-logloss' will be used for early stopping.

Will train until valid-logloss hasn't improved in 100 rounds.
[100]	Train-logloss:0.416831	valid-logloss:0.435334
[200]	Train-logloss:0.400919	valid-logloss:0.432247
[300]	Train-logloss:0.387959	valid-logloss:0.430904
[400]	Train-logloss:0.376886	valid-logloss:0.430252
[500]	Train-logloss:0.367373	valid-logloss:0.429699
[600]	Train-logloss:0.358099	valid-logloss:0.429654
Stopping. Best iteration:
[567]	Train-logloss:0.361298	valid-logloss:0.429474

Dev eval precision 0.4151260504184239
Dev eval recall 0.5277777777749585
Dev eval accuracy 0.7754316724215338
Dev eval F1-score 0.46472247860634236
[0]	Train-logloss:0.671349	valid-logloss:0.671476
Multiple eval metrics have been passed: 'valid-logloss' will be used for early stopping.

Will train until valid-logloss hasn't improved in 100 rounds.
[100]	Train-logloss:0.417073	valid-logloss:0.4342
[200]	Train-logloss:0.401165	valid-logloss:0.431248
[300]	Train-logloss:0.388954	valid-logloss:0.430078
[400]	Train-logloss:0.37844	valid-logloss:0.429585
[500]	Train-logloss:0.36847	valid-logloss:0.429228
[600]	Train-logloss:0.358524	valid-logloss:0.429006
[700]	Train-logloss:0.349035	valid-logloss:0.428884
[800]	Train-logloss:0.340207	valid-logloss:0.42882
Stopping. Best iteration:
[757]	Train-logloss:0.344154	valid-logloss:0.428787

Dev eval precision 0.41844863731480736
Dev eval recall 0.5331196581168103
Dev eval accuracy 0.7769116921551288
Dev eval F1-score 0.4688747895265972
[0]	Train-logloss:0.671365	valid-logloss:0.671505
Multiple eval metrics have been passed: 'valid-logloss' will be used for early stopping.

Will train until valid-logloss hasn't improved in 100 rounds.
[100]	Train-logloss:0.417339	valid-logloss:0.433619
[200]	Train-logloss:0.401393	valid-logloss:0.430184
[300]	Train-logloss:0.389655	valid-logloss:0.429112
[400]	Train-logloss:0.37862	valid-logloss:0.428536
[500]	Train-logloss:0.368353	valid-logloss:0.428067
[600]	Train-logloss:0.35887	valid-logloss:0.427605
[700]	Train-logloss:0.350083	valid-logloss:0.427651
Stopping. Best iteration:
[650]	Train-logloss:0.354483	valid-logloss:0.427562

Dev eval precision 0.41920473773088324
Dev eval recall 0.529380341877514
Dev eval accuracy 0.7776023680308064
Dev eval F1-score 0.467894234914156
[0]	Train-logloss:0.671313	valid-logloss:0.671486
Multiple eval metrics have been passed: 'valid-logloss' will be used for early stopping.

Will train until valid-logloss hasn't improved in 100 rounds.
[100]	Train-logloss:0.41731	valid-logloss:0.433911
[200]	Train-logloss:0.401689	valid-logloss:0.430682
[300]	Train-logloss:0.38976	valid-logloss:0.429364
[400]	Train-logloss:0.378501	valid-logloss:0.428664
[500]	Train-logloss:0.368494	valid-logloss:0.428486
[600]	Train-logloss:0.358975	valid-logloss:0.428032
[700]	Train-logloss:0.350155	valid-logloss:0.427899
Stopping. Best iteration:
[696]	Train-logloss:0.350461	valid-logloss:0.427887

Dev eval precision 0.4178541492019369
Dev eval recall 0.5325854700826251
Dev eval accuracy 0.7766156882084098
Dev eval F1-score 0.4682949692369349
[0]	Train-logloss:0.671315	valid-logloss:0.671542
Multiple eval metrics have been passed: 'valid-logloss' will be used for early stopping.

Will train until valid-logloss hasn't improved in 100 rounds.
[100]	Train-logloss:0.417265	valid-logloss:0.435296
[200]	Train-logloss:0.401133	valid-logloss:0.431495
[300]	Train-logloss:0.389168	valid-logloss:0.43031
[400]	Train-logloss:0.379215	valid-logloss:0.429612
[500]	Train-logloss:0.369781	valid-logloss:0.429368
[600]	Train-logloss:0.360433	valid-logloss:0.429239
Stopping. Best iteration:
[571]	Train-logloss:0.36287	valid-logloss:0.429162

Dev eval precision 0.41290856433424533
Dev eval recall 0.5331196581168103
Dev eval accuracy 0.7737543167234595
Dev eval F1-score 0.46537653972766524

Dev eval precision 0.4269854824917721
Dev eval recall 0.5341880341851807
Dev eval accuracy 0.7815490873203931
Dev eval F1-score 0.4746084430903205
