(184680, 4) (10135, 4)
[0]	Train-logloss:0.682421	valid-logloss:0.68247
Multiple eval metrics have been passed: 'valid-logloss' will be used for early stopping.

Will train until valid-logloss hasn't improved in 100 rounds.
[100]	Train-logloss:0.379062	valid-logloss:0.381905
[200]	Train-logloss:0.361599	valid-logloss:0.366696
[300]	Train-logloss:0.359089	valid-logloss:0.366011
[400]	Train-logloss:0.357823	valid-logloss:0.36608
Stopping. Best iteration:
[324]	Train-logloss:0.358771	valid-logloss:0.365997

Dev eval precision 0.5094366599935525
Dev eval recall 0.5297353553367087
Dev eval accuracy 0.821479816985456
Dev eval F1-score 0.5193877501031915
[0]	Train-logloss:0.682411	valid-logloss:0.682464
Multiple eval metrics have been passed: 'valid-logloss' will be used for early stopping.

Will train until valid-logloss hasn't improved in 100 rounds.
[100]	Train-logloss:0.378378	valid-logloss:0.383548
[200]	Train-logloss:0.360628	valid-logloss:0.370019
[300]	Train-logloss:0.358087	valid-logloss:0.369914
Stopping. Best iteration:
[243]	Train-logloss:0.359196	valid-logloss:0.369821

Dev eval precision 0.5051325919582191
Dev eval recall 0.5268401486981014
Dev eval accuracy 0.819877626163954
Dev eval F1-score 0.5157580559957117
[0]	Train-logloss:0.682416	valid-logloss:0.682497
Multiple eval metrics have been passed: 'valid-logloss' will be used for early stopping.

Will train until valid-logloss hasn't improved in 100 rounds.
[100]	Train-logloss:0.378759	valid-logloss:0.382968
[200]	Train-logloss:0.361144	valid-logloss:0.368178
[300]	Train-logloss:0.358631	valid-logloss:0.367599
[400]	Train-logloss:0.357497	valid-logloss:0.36768
Stopping. Best iteration:
[305]	Train-logloss:0.358574	valid-logloss:0.367593

Dev eval precision 0.5077399380797808
Dev eval recall 0.5365055762073807
Dev eval accuracy 0.8209064327483159
Dev eval F1-score 0.5217265512896424
[0]	Train-logloss:0.682401	valid-logloss:0.682488
Multiple eval metrics have been passed: 'valid-logloss' will be used for early stopping.

Will train until valid-logloss hasn't improved in 100 rounds.
[100]	Train-logloss:0.378002	valid-logloss:0.38512
[200]	Train-logloss:0.36033	valid-logloss:0.371473
[300]	Train-logloss:0.357734	valid-logloss:0.371129
Stopping. Best iteration:
[296]	Train-logloss:0.357804	valid-logloss:0.371116

Dev eval precision 0.5170746006148071
Dev eval recall 0.5246096654267293
Dev eval accuracy 0.8242365172187502
Dev eval F1-score 0.5208148754246479
[0]	Train-logloss:0.682443	valid-logloss:0.682427
Multiple eval metrics have been passed: 'valid-logloss' will be used for early stopping.

Will train until valid-logloss hasn't improved in 100 rounds.
[100]	Train-logloss:0.379743	valid-logloss:0.379743
[200]	Train-logloss:0.36224	valid-logloss:0.364131
[300]	Train-logloss:0.359757	valid-logloss:0.363417
[400]	Train-logloss:0.358465	valid-logloss:0.363465
Stopping. Best iteration:
[316]	Train-logloss:0.359538	valid-logloss:0.363405

Dev eval precision 0.5193017314781162
Dev eval recall 0.544089219330046
Dev eval accuracy 0.8252876675238053
Dev eval F1-score 0.5314065740448614
The avg f1 is 0.521818761371611
Dev eval precision 0.5484162895902787
Dev eval recall 0.6474358974324389
Dev eval accuracy 0.8364084854456473
Dev eval F1-score 0.5938265506413669
